Command line:
   TrafficLightController_tb_isim_beh.exe
     -simmode  gui
     -simrunnum  0
     -socket  55707

Mon May 27 23:27:16 2024


 Elaboration Time: 0 sec

 Current Memory Usage: 5151.33 Meg

 Total Signals          : 26
 Total Nets             : 16
 Total Signal Drivers   : 16
 Total Blocks           : 5
 Total Primitive Blocks : 4
 Total Processes        : 6
 Total Traceable Variables  : 11
 Total Scalar Nets and Variables : 395
Total Line Count : 69

 Total Simulation Time: 0.0625 sec

 Current Memory Usage: 4994.05 Meg

Mon May 27 23:28:39 2024

