#-----------------------------------------------------------
# PlanAhead v14.7 (64-bit)
# Build 321239 by xbuild on Fri Sep 27 19:24:36 MDT 2013
# Start of session at: Mon May 13 19:12:39 2024
# Process ID: 5413
# Log file: /home/hamza/VHDL/reg_shifter/planAhead_run_2/planAhead.log
# Journal file: /home/hamza/VHDL/reg_shifter/planAhead_run_2/planAhead.jou
#-----------------------------------------------------------
INFO: [Common 17-78] Attempting to get a license: PlanAhead
INFO: [Common 17-290] Got license for PlanAhead
INFO: [Device 21-36] Loading parts and site information from /opt/Xilinx/14.7/ISE_DS/PlanAhead/data/parts/arch.xml
Parsing RTL primitives file [/opt/Xilinx/14.7/ISE_DS/PlanAhead/data/parts/xilinx/rtl/prims/rtl_prims.xml]
Finished parsing RTL primitives file [/opt/Xilinx/14.7/ISE_DS/PlanAhead/data/parts/xilinx/rtl/prims/rtl_prims.xml]
start_gui
source /home/hamza/VHDL/reg_shifter/pa.fromNetlist.tcl
# create_project -name reg_shifter -dir "/home/hamza/VHDL/reg_shifter/planAhead_run_2" -part xc3s1500fg676-4
ERROR: [Common 17-53] User Exception: Project already exists on disk, please use '-force' option to overwrite: 
     /home/hamza/VHDL/reg_shifter/planAhead_run_2/reg_shifter.ppr
     /home/hamza/VHDL/reg_shifter/planAhead_run_2/reg_shifter.data

    while executing
"create_project -name reg_shifter -dir "/home/hamza/VHDL/reg_shifter/planAhead_run_2" -part xc3s1500fg676-4"
    (file "/home/hamza/VHDL/reg_shifter/pa.fromNetlist.tcl" line 4)
exit
INFO: [Common 17-206] Exiting PlanAhead at Mon May 13 19:12:49 2024...
INFO: [Common 17-83] Releasing license: PlanAhead
