Command line:
   Shift_Register_isim_beh.exe
     -simmode  gui
     -simrunnum  0
     -socket  53759

Mon May 13 19:39:26 2024


 Elaboration Time: 0.01 sec

 Current Memory Usage: 186.331 Meg

 Total Signals          : 13
 Total Nets             : 34
 Total Signal Drivers   : 5
 Total Blocks           : 3
 Total Primitive Blocks : 3
 Total Processes        : 4
 Total Traceable Variables  : 14
 Total Scalar Nets and Variables : 518
Total Line Count : 19

 Total Simulation Time: 0.03 sec

 Current Memory Usage: 261.833 Meg

Mon May 13 19:39:38 2024

