Command line:
   DECODER_TB_isim_beh.exe
     -simmode  gui
     -simrunnum  0
     -socket  57939

Tue May 07 08:12:16 2024


 Elaboration Time: 0.078125 sec

 Current Memory Usage: 5150.67 Meg

 Total Signals          : 12
 Total Nets             : 6
 Total Signal Drivers   : 6
 Total Blocks           : 3
 Total Primitive Blocks : 2
 Total Processes        : 5
 Total Traceable Variables  : 8
 Total Scalar Nets and Variables : 366
Total Line Count : 17

 Total Simulation Time: 0.234375 sec

 Current Memory Usage: 4678.82 Meg

Tue May 07 08:40:21 2024

