Command line:
   LED_Controller_isim_beh.exe
     -simmode  gui
     -simrunnum  0
     -socket  50048

Thu May 30 10:24:13 2024


 Elaboration Time: 0.015625 sec

 Current Memory Usage: 5151.35 Meg

 Total Signals          : 16
 Total Nets             : 59
 Total Signal Drivers   : 8
 Total Blocks           : 4
 Total Primitive Blocks : 3
 Total Processes        : 5
 Total Traceable Variables  : 15
 Total Scalar Nets and Variables : 544
Total Line Count : 35

 Total Simulation Time: 0.015625 sec

 Current Memory Usage: 5151.35 Meg

Thu May 30 10:24:28 2024

