Command line:
   Shift_Register_TB_isim_beh.exe
     -simmode  gui
     -simrunnum  0
     -socket  55403

Tue May 21 08:34:17 2024


 Elaboration Time: 0.0625 sec

 Current Memory Usage: 5151.37 Meg

 Total Signals          : 22
 Total Nets             : 34
 Total Signal Drivers   : 12
 Total Blocks           : 4
 Total Primitive Blocks : 3
 Total Processes        : 6
 Total Traceable Variables  : 14
 Total Scalar Nets and Variables : 518
Total Line Count : 37

 Total Simulation Time: 0.0625 sec

 Current Memory Usage: 5151.37 Meg

Tue May 21 08:34:46 2024

