Command line:
   ckt1_isim_beh.exe
     -simmode  gui
     -simrunnum  0
     -socket  59664

Wed Jun 19 12:33:47 2024


 Elaboration Time: 0.0625 sec

 Current Memory Usage: 5150.86 Meg

 Total Signals          : 12
 Total Nets             : 62
 Total Signal Drivers   : 7
 Total Blocks           : 6
 Total Primitive Blocks : 5
 Total Processes        : 4
 Total Traceable Variables  : 17
 Total Scalar Nets and Variables : 565
Total Line Count : 17

 Total Simulation Time: 0.109375 sec

 Current Memory Usage: 5150.86 Meg

Wed Jun 19 12:34:05 2024

