Release 14.7 - xst P.20131013 (nt64)
Copyright (c) 1995-2013 Xilinx, Inc.  All rights reserved.
--> Parameter TMPDIR set to xst/projnav.tmp


Total REAL time to Xst completion: 0.00 secs
Total CPU time to Xst completion: 0.16 secs
 
--> Parameter xsthdpdir set to xst


Total REAL time to Xst completion: 0.00 secs
Total CPU time to Xst completion: 0.17 secs
 
--> Reading design: ckt1.prj

TABLE OF CONTENTS
  1) Synthesis Options Summary
  2) HDL Compilation
  3) Design Hierarchy Analysis
  4) HDL Analysis
  5) HDL Synthesis
     5.1) HDL Synthesis Report
  6) Advanced HDL Synthesis
     6.1) Advanced HDL Synthesis Report
  7) Low Level Synthesis
  8) Partition Report
  9) Final Report
	9.1) Device utilization summary
	9.2) Partition Resource Summary
	9.3) TIMING REPORT


=========================================================================
*                      Synthesis Options Summary                        *
=========================================================================
---- Source Parameters
Input File Name                    : "ckt1.prj"
Input Format                       : mixed
Ignore Synthesis Constraint File   : NO

---- Target Parameters
Output File Name                   : "ckt1"
Output Format                      : NGC
Target Device                      : xc3s1500-4-fg676

---- Source Options
Top Module Name                    : ckt1
Automatic FSM Extraction           : YES
FSM Encoding Algorithm             : Auto
Safe Implementation                : No
FSM Style                          : LUT
RAM Extraction                     : Yes
RAM Style                          : Auto
ROM Extraction                     : Yes
Mux Style                          : Auto
Decoder Extraction                 : YES
Priority Encoder Extraction        : Yes
Shift Register Extraction          : YES
Logical Shifter Extraction         : YES
XOR Collapsing                     : YES
ROM Style                          : Auto
Mux Extraction                     : Yes
Resource Sharing                   : YES
Asynchronous To Synchronous        : NO
Multiplier Style                   : Auto
Automatic Register Balancing       : No

---- Target Options
Add IO Buffers                     : YES
Global Maximum Fanout              : 100000
Add Generic Clock Buffer(BUFG)     : 8
Register Duplication               : YES
Slice Packing                      : YES
Optimize Instantiated Primitives   : NO
Use Clock Enable                   : Yes
Use Synchronous Set                : Yes
Use Synchronous Reset              : Yes
Pack IO Registers into IOBs        : Auto
Equivalent register Removal        : YES

---- General Options
Optimization Goal                  : Speed
Optimization Effort                : 1
Keep Hierarchy                     : No
Netlist Hierarchy                  : As_Optimized
RTL Output                         : Yes
Global Optimization                : AllClockNets
Read Cores                         : YES
Write Timing Constraints           : NO
Cross Clock Analysis               : NO
Hierarchy Separator                : /
Bus Delimiter                      : <>
Case Specifier                     : Maintain
Slice Utilization Ratio            : 100
BRAM Utilization Ratio             : 100
Verilog 2001                       : YES
Auto BRAM Packing                  : NO
Slice Utilization Ratio Delta      : 5

=========================================================================


=========================================================================
*                          HDL Compilation                              *
=========================================================================
Compiling vhdl file "C:/Users/PC/Desktop/Predmeti/II godina/AR2/IspitZ1/clock_divider.vhd" in Library work.
Architecture behavioral of Entity clock_divider is up to date.
Compiling vhdl file "C:/Users/PC/Desktop/Predmeti/II godina/AR2/IspitZ1/ckt1.vhd" in Library work.
Entity <ckt1> compiled.
Entity <ckt1> (Architecture <behavioral>) compiled.

=========================================================================
*                     Design Hierarchy Analysis                         *
=========================================================================
Analyzing hierarchy for entity <ckt1> in library <work> (architecture <behavioral>).

Analyzing hierarchy for entity <clock_divider> in library <work> (architecture <behavioral>).


=========================================================================
*                            HDL Analysis                               *
=========================================================================
Analyzing Entity <ckt1> in library <work> (Architecture <behavioral>).
Entity <ckt1> analyzed. Unit <ckt1> generated.

Analyzing Entity <clock_divider> in library <work> (Architecture <behavioral>).
Entity <clock_divider> analyzed. Unit <clock_divider> generated.


=========================================================================
*                           HDL Synthesis                               *
=========================================================================

Performing bidirectional port resolution...

Synthesizing Unit <clock_divider>.
    Related source file is "C:/Users/PC/Desktop/Predmeti/II godina/AR2/IspitZ1/clock_divider.vhd".
    Found 32-bit up counter for signal <counter>.
    Found 1-bit register for signal <slow_clk>.
    Summary:
	inferred   1 Counter(s).
	inferred   1 D-type flip-flop(s).
Unit <clock_divider> synthesized.


Synthesizing Unit <ckt1>.
    Related source file is "C:/Users/PC/Desktop/Predmeti/II godina/AR2/IspitZ1/ckt1.vhd".
WARNING:Xst:647 - Input <C_IN> is never used. This port will be preserved and left unconnected if it belongs to a top-level block or it belongs to a sub-block and the hierarchy of this sub-block is preserved.
    Found 8-bit register for signal <C_OUT>.
    Found 1-bit register for signal <flag>.
    Found 3-bit up counter for signal <state>.
    Found 1-of-8 decoder for signal <temp>.
    Summary:
	inferred   1 Counter(s).
	inferred   9 D-type flip-flop(s).
	inferred   1 Decoder(s).
Unit <ckt1> synthesized.


=========================================================================
HDL Synthesis Report

Macro Statistics
# Counters                                             : 2
 3-bit up counter                                      : 1
 32-bit up counter                                     : 1
# Registers                                            : 3
 1-bit register                                        : 2
 8-bit register                                        : 1
# Decoders                                             : 1
 1-of-8 decoder                                        : 1

=========================================================================

=========================================================================
*                       Advanced HDL Synthesis                          *
=========================================================================


=========================================================================
Advanced HDL Synthesis Report

Macro Statistics
# Counters                                             : 2
 3-bit up counter                                      : 1
 32-bit up counter                                     : 1
# Registers                                            : 10
 Flip-Flops                                            : 10
# Decoders                                             : 1
 1-of-8 decoder                                        : 1

=========================================================================

=========================================================================
*                         Low Level Synthesis                           *
=========================================================================

Optimizing unit <ckt1> ...

Mapping all equations...
Building and optimizing final netlist ...
Found area constraint ratio of 100 (+ 5) on block ckt1, actual ratio is 0.

Final Macro Processing ...

=========================================================================
Final Register Report

Macro Statistics
# Registers                                            : 45
 Flip-Flops                                            : 45

=========================================================================

=========================================================================
*                           Partition Report                            *
=========================================================================

Partition Implementation Status
-------------------------------

  No Partitions were found in this design.

-------------------------------

=========================================================================
*                            Final Report                               *
=========================================================================
Final Results
RTL Top Level Output File Name     : ckt1.ngr
Top Level Output File Name         : ckt1
Output Format                      : NGC
Optimization Goal                  : Speed
Keep Hierarchy                     : No

Design Statistics
# IOs                              : 18

Cell Usage :
# BELS                             : 128
#      GND                         : 1
#      INV                         : 5
#      LUT1                        : 31
#      LUT2                        : 2
#      LUT3                        : 1
#      LUT4                        : 16
#      MUXCY                       : 39
#      VCC                         : 1
#      XORCY                       : 32
# FlipFlops/Latches                : 45
#      FDE                         : 5
#      FDR                         : 32
#      FDS                         : 8
# Clock Buffers                    : 1
#      BUFGP                       : 1
# IO Buffers                       : 9
#      IBUF                        : 1
#      OBUF                        : 8
=========================================================================

Device utilization summary:
---------------------------

Selected Device : 3s1500fg676-4 

 Number of Slices:                       28  out of  13312     0%  
 Number of Slice Flip Flops:             45  out of  26624     0%  
 Number of 4 input LUTs:                 55  out of  26624     0%  
 Number of IOs:                          18
 Number of bonded IOBs:                  10  out of    487     2%  
 Number of GCLKs:                         1  out of      8    12%  

---------------------------
Partition Resource Summary:
---------------------------

  No Partitions were found in this design.

---------------------------


=========================================================================
TIMING REPORT

NOTE: THESE TIMING NUMBERS ARE ONLY A SYNTHESIS ESTIMATE.
      FOR ACCURATE TIMING INFORMATION PLEASE REFER TO THE TRACE REPORT
      GENERATED AFTER PLACE-and-ROUTE.

Clock Information:
------------------
-----------------------------------+------------------------+-------+
Clock Signal                       | Clock buffer(FF name)  | Load  |
-----------------------------------+------------------------+-------+
clk_divider/slow_clk               | NONE(C_OUT_0)          | 12    |
CLK                                | BUFGP                  | 33    |
-----------------------------------+------------------------+-------+
INFO:Xst:2169 - HDL ADVISOR - Some clock signals were not automatically buffered by XST with BUFG/BUFR resources. Please use the buffer_type constraint in order to insert these buffers to the clock signals to help prevent skew problems.

Asynchronous Control Signals Information:
----------------------------------------
No asynchronous control signals found in this design

Timing Summary:
---------------
Speed Grade: -4

   Minimum period: 6.537ns (Maximum Frequency: 152.979MHz)
   Minimum input arrival time before clock: 4.210ns
   Maximum output required time after clock: 7.165ns
   Maximum combinational path delay: No path found

Timing Detail:
--------------
All values displayed in nanoseconds (ns)

=========================================================================
Timing constraint: Default period analysis for Clock 'clk_divider/slow_clk'
  Clock period: 4.253ns (frequency: 235.128MHz)
  Total number of paths / destination ports: 42 / 15
-------------------------------------------------------------------------
Delay:               4.253ns (Levels of Logic = 1)
  Source:            flag (FF)
  Destination:       state_0 (FF)
  Source Clock:      clk_divider/slow_clk rising
  Destination Clock: clk_divider/slow_clk rising

  Data Path: flag to state_0
                                Gate     Net
    Cell:in->out      fanout   Delay   Delay  Logical Name (Net Name)
    ----------------------------------------  ------------
     FDE:C->Q             10   0.720   1.473  flag (flag)
     LUT2:I0->O            3   0.551   0.907  state_not00011 (state_not0001)
     FDE:CE                    0.602          state_0
    ----------------------------------------
    Total                      4.253ns (1.873ns logic, 2.380ns route)
                                       (44.0% logic, 56.0% route)

=========================================================================
Timing constraint: Default period analysis for Clock 'CLK'
  Clock period: 6.537ns (frequency: 152.979MHz)
  Total number of paths / destination ports: 1585 / 66
-------------------------------------------------------------------------
Delay:               6.537ns (Levels of Logic = 9)
  Source:            clk_divider/counter_8 (FF)
  Destination:       clk_divider/counter_0 (FF)
  Source Clock:      CLK rising
  Destination Clock: CLK rising

  Data Path: clk_divider/counter_8 to clk_divider/counter_0
                                Gate     Net
    Cell:in->out      fanout   Delay   Delay  Logical Name (Net Name)
    ----------------------------------------  ------------
     FDR:C->Q              2   0.720   1.216  clk_divider/counter_8 (clk_divider/counter_8)
     LUT4:I0->O            1   0.551   0.000  clk_divider/slow_clk_cmp_eq0000_wg_lut<0> (clk_divider/slow_clk_cmp_eq0000_wg_lut<0>)
     MUXCY:S->O            1   0.500   0.000  clk_divider/slow_clk_cmp_eq0000_wg_cy<0> (clk_divider/slow_clk_cmp_eq0000_wg_cy<0>)
     MUXCY:CI->O           1   0.064   0.000  clk_divider/slow_clk_cmp_eq0000_wg_cy<1> (clk_divider/slow_clk_cmp_eq0000_wg_cy<1>)
     MUXCY:CI->O           1   0.064   0.000  clk_divider/slow_clk_cmp_eq0000_wg_cy<2> (clk_divider/slow_clk_cmp_eq0000_wg_cy<2>)
     MUXCY:CI->O           1   0.064   0.000  clk_divider/slow_clk_cmp_eq0000_wg_cy<3> (clk_divider/slow_clk_cmp_eq0000_wg_cy<3>)
     MUXCY:CI->O           1   0.064   0.000  clk_divider/slow_clk_cmp_eq0000_wg_cy<4> (clk_divider/slow_clk_cmp_eq0000_wg_cy<4>)
     MUXCY:CI->O           1   0.064   0.000  clk_divider/slow_clk_cmp_eq0000_wg_cy<5> (clk_divider/slow_clk_cmp_eq0000_wg_cy<5>)
     MUXCY:CI->O           1   0.064   0.000  clk_divider/slow_clk_cmp_eq0000_wg_cy<6> (clk_divider/slow_clk_cmp_eq0000_wg_cy<6>)
     MUXCY:CI->O          33   0.281   1.859  clk_divider/slow_clk_cmp_eq0000_wg_cy<7> (clk_divider/slow_clk_cmp_eq0000)
     FDR:R                     1.026          clk_divider/counter_0
    ----------------------------------------
    Total                      6.537ns (3.462ns logic, 3.075ns route)
                                       (53.0% logic, 47.0% route)

=========================================================================
Timing constraint: Default OFFSET IN BEFORE for Clock 'clk_divider/slow_clk'
  Total number of paths / destination ports: 12 / 12
-------------------------------------------------------------------------
Offset:              4.210ns (Levels of Logic = 2)
  Source:            BTN (PAD)
  Destination:       state_0 (FF)
  Destination Clock: clk_divider/slow_clk rising

  Data Path: BTN to state_0
                                Gate     Net
    Cell:in->out      fanout   Delay   Delay  Logical Name (Net Name)
    ----------------------------------------  ------------
     IBUF:I->O            10   0.821   1.329  BTN_IBUF (BTN_IBUF)
     LUT2:I1->O            3   0.551   0.907  state_not00011 (state_not0001)
     FDE:CE                    0.602          state_0
    ----------------------------------------
    Total                      4.210ns (1.974ns logic, 2.236ns route)
                                       (46.9% logic, 53.1% route)

=========================================================================
Timing constraint: Default OFFSET OUT AFTER for Clock 'clk_divider/slow_clk'
  Total number of paths / destination ports: 8 / 8
-------------------------------------------------------------------------
Offset:              7.165ns (Levels of Logic = 1)
  Source:            C_OUT_7 (FF)
  Destination:       C_OUT<7> (PAD)
  Source Clock:      clk_divider/slow_clk rising

  Data Path: C_OUT_7 to C_OUT<7>
                                Gate     Net
    Cell:in->out      fanout   Delay   Delay  Logical Name (Net Name)
    ----------------------------------------  ------------
     FDS:C->Q              1   0.720   0.801  C_OUT_7 (C_OUT_7)
     OBUF:I->O                 5.644          C_OUT_7_OBUF (C_OUT<7>)
    ----------------------------------------
    Total                      7.165ns (6.364ns logic, 0.801ns route)
                                       (88.8% logic, 11.2% route)

=========================================================================


Total REAL time to Xst completion: 4.00 secs
Total CPU time to Xst completion: 3.88 secs
 
--> 

Total memory usage is 4514412 kilobytes

Number of errors   :    0 (   0 filtered)
Number of warnings :    1 (   0 filtered)
Number of infos    :    1 (   0 filtered)

