Running: C:\Xilinx\14.7\ISE_DS\ISE\bin\nt64\unwrapped\fuse.exe -intstyle ise -incremental -o C:/Users/Korisnik/OneDrive/Desktop/Xillinx share/IspitZ1/ISPIUTZ1TB_isim_beh.exe -prj C:/Users/Korisnik/OneDrive/Desktop/Xillinx share/IspitZ1/ISPIUTZ1TB_beh.prj work.ISPIUTZ1TB 
ISim P.20131013 (signature 0x7708f090)
Number of CPUs detected in this system: 4
Turning on mult-threading, number of parallel sub-compilation jobs: 8 
Determining compilation order of HDL files
Parsing VHDL file "C:/Users/Korisnik/OneDrive/Desktop/Xillinx share/IspitZ1/clock_divider.vhd" into library work
Parsing VHDL file "C:/Users/Korisnik/OneDrive/Desktop/Xillinx share/IspitZ1/ckt1.vhd" into library work
Parsing VHDL file "C:/Users/Korisnik/OneDrive/Desktop/Xillinx share/IspitZ1/ISPIUTZ1TB.vhd" into library work
Starting static elaboration
Completed static elaboration
Compiling package standard
Compiling package std_logic_1164
Compiling package std_logic_arith
Compiling package std_logic_unsigned
Compiling package numeric_std
Compiling architecture behavioral of entity clock_divider [clock_divider_default]
Compiling architecture behavioral of entity ckt1 [ckt1_default]
Compiling architecture behavior of entity ispiutz1tb
Time Resolution for simulation is 1ps.
Waiting for 1 sub-compilation(s) to finish...
Compiled 10 VHDL Units
Built simulation executable C:/Users/Korisnik/OneDrive/Desktop/Xillinx share/IspitZ1/ISPIUTZ1TB_isim_beh.exe
Fuse Memory Usage: 37244 KB
Fuse CPU Usage: 828 ms
