
****** PlanAhead v14.7 (64-bit)
  **** Build 321239 by xbuild on Fri Sep 27 19:29:51 MDT 2013
    ** Copyright 1986-1999, 2001-2013 Xilinx, Inc. All Rights Reserved.

INFO: [Common 17-78] Attempting to get a license: PlanAhead
INFO: [Common 17-290] Got license for PlanAhead
INFO: [Device 21-36] Loading parts and site information from C:/Xilinx/14.7/ISE_DS/PlanAhead/data/parts/arch.xml
Parsing RTL primitives file [C:/Xilinx/14.7/ISE_DS/PlanAhead/data/parts/xilinx/rtl/prims/rtl_prims.xml]
Finished parsing RTL primitives file [C:/Xilinx/14.7/ISE_DS/PlanAhead/data/parts/xilinx/rtl/prims/rtl_prims.xml]
start_gui
source {C:/Users/PC/Desktop/Predmeti/II godina/AR2/dekoder/pa.fromHdl.tcl}
# create_project -name dekoder -dir "C:/Users/PC/Desktop/Predmeti/II godina/AR2/dekoder/planAhead_run_1" -part xc3s1500fg676-4
# set_param project.pinAheadLayout yes
# set srcset [get_property srcset [current_run -impl]]
# set_property target_constrs_file "DECODER.ucf" [current_fileset -constrset]
Adding file 'C:/Users/PC/Desktop/Predmeti/II godina/AR2/dekoder/DECODER.ucf' to fileset 'constrs_1'
# set hdlfile [add_files [list {DECODER.vhd}]]
# set_property file_type VHDL $hdlfile
# set_property library work $hdlfile
# set_property top DECODER $srcset
# add_files [list {DECODER.ucf}] -fileset [get_property constrset [current_run]]
# open_rtl_design -part xc3s1500fg676-4
Using Verific elaboration
Parsing VHDL file "C:/Xilinx/14.7/ISE_DS/PlanAhead/data/parts/xilinx/rtl/lib/synplify/synattr.vhd" into library synplify
Parsing VHDL file "C:/Xilinx/14.7/ISE_DS/PlanAhead/data/parts/xilinx/rtl/lib/synplify/synattr.vhd" into library synplify
Parsing VHDL file "C:/Users/PC/Desktop/Predmeti/II godina/AR2/dekoder/DECODER.vhd" into library work
INFO: [Designutils 20-910] Reading macro library C:/Xilinx/14.7/ISE_DS/PlanAhead/data\./parts/xilinx/spartan3/hd_int_macros.edn
Parsing EDIF File [C:/Xilinx/14.7/ISE_DS/PlanAhead/data\./parts/xilinx/spartan3/hd_int_macros.edn]
Finished Parsing EDIF File [C:/Xilinx/14.7/ISE_DS/PlanAhead/data\./parts/xilinx/spartan3/hd_int_macros.edn]
Loading clock regions from C:/Xilinx/14.7/ISE_DS/PlanAhead/data\parts/xilinx/spartan3/spartan3/xc3s1500/ClockRegion.xml
Loading clock buffers from C:/Xilinx/14.7/ISE_DS/PlanAhead/data\parts/xilinx/spartan3/spartan3/xc3s1500/ClockBuffers.xml
Loading package from C:/Xilinx/14.7/ISE_DS/PlanAhead/data\parts/xilinx/spartan3/spartan3/xc3s1500/fg676/Package.xml
Loading io standards from C:/Xilinx/14.7/ISE_DS/PlanAhead/data\./parts/xilinx/spartan3/IOStandards.xml
INFO: [Device 21-19] Loading pkg sso from C:/Xilinx/14.7/ISE_DS/PlanAhead/data\parts/xilinx/spartan3/spartan3/xc3s1500/fg676/SSORules.xml
Loading list of drcs for the architecture : C:/Xilinx/14.7/ISE_DS/PlanAhead/data\./parts/xilinx/spartan3/drc.xml
INFO: [Timing 38-77] Reading timing library C:/Xilinx/14.7/ISE_DS/PlanAhead/data\parts/xilinx/spartan3/spartan3/spartan3-4.lib.
INFO: [Timing 38-34] Done reading timing library C:/Xilinx/14.7/ISE_DS/PlanAhead/data\parts/xilinx/spartan3/spartan3/spartan3-4.lib.
Parsing UCF File [C:/Users/PC/Desktop/Predmeti/II godina/AR2/dekoder/DECODER.ucf]
Finished Parsing UCF File [C:/Users/PC/Desktop/Predmeti/II godina/AR2/dekoder/DECODER.ucf]
INFO: [Project 1-111] Unisim Transformation Summary:
No Unisim elements were transformed.

Phase 0 | Netlist Checksum: 52803ada
open_rtl_design: Time (s): elapsed = 00:00:07 . Memory (MB): peak = 546.098 ; gain = 131.238
update_compile_order -fileset sim_1
startgroup
set_property package_pin Y8 [get_ports X0]
endgroup
startgroup
set_property package_pin Y9 [get_ports X1]
endgroup
startgroup
set_property package_pin AB7 [get_ports Y0]
endgroup
startgroup
set_property package_pin AB8 [get_ports Y1]
endgroup
startgroup
set_property package_pin AB9 [get_ports Y2]
endgroup
startgroup
set_property package_pin AA7 [get_ports Y3]
endgroup
save_constraints
save_constraints: Time (s): elapsed = 00:00:10 . Memory (MB): peak = 610.320 ; gain = 0.000
startgroup
set_property package_pin Y8 [get_ports X0]
endgroup
startgroup
set_property package_pin Y9 [get_ports X1]
endgroup
startgroup
set_property package_pin AB7 [get_ports Y0]
endgroup
startgroup
set_property package_pin AB8 [get_ports Y1]
endgroup
startgroup
set_property package_pin AB9 [get_ports Y2]
endgroup
startgroup
set_property package_pin AA7 [get_ports Y3]
endgroup
save_constraints
exit
ERROR: [Common 17-39] 'stop_gui' failed due to earlier errors.
INFO: [Common 17-206] Exiting PlanAhead at Tue May 07 08:40:07 2024...
INFO: [Common 17-83] Releasing license: PlanAhead
