Command line:
   ISPIUTZ1TB_isim_beh.exe
     -simmode  gui
     -simrunnum  0
     -socket  59669

Wed Jun 19 12:35:16 2024


 Elaboration Time: 0.078125 sec

 Current Memory Usage: 5150.25 Meg

 Total Signals          : 16
 Total Nets             : 62
 Total Signal Drivers   : 9
 Total Blocks           : 7
 Total Primitive Blocks : 5
 Total Processes        : 6
 Total Traceable Variables  : 18
 Total Scalar Nets and Variables : 566
Total Line Count : 26

 Total Simulation Time: 0.15625 sec

 Current Memory Usage: 5150.25 Meg

Wed Jun 19 12:35:43 2024

