Release 14.7 - xst P.20131013 (nt64)
Copyright (c) 1995-2013 Xilinx, Inc.  All rights reserved.
--> Parameter TMPDIR set to xst/projnav.tmp


Total REAL time to Xst completion: 0.00 secs
Total CPU time to Xst completion: 0.15 secs
 
--> Parameter xsthdpdir set to xst


Total REAL time to Xst completion: 0.00 secs
Total CPU time to Xst completion: 0.16 secs
 
--> Reading design: Shift_Register.prj

TABLE OF CONTENTS
  1) Synthesis Options Summary
  2) HDL Compilation
  3) Design Hierarchy Analysis
  4) HDL Analysis
  5) HDL Synthesis
     5.1) HDL Synthesis Report
  6) Advanced HDL Synthesis
     6.1) Advanced HDL Synthesis Report
  7) Low Level Synthesis
  8) Partition Report
  9) Final Report
	9.1) Device utilization summary
	9.2) Partition Resource Summary
	9.3) TIMING REPORT


=========================================================================
*                      Synthesis Options Summary                        *
=========================================================================
---- Source Parameters
Input File Name                    : "Shift_Register.prj"
Input Format                       : mixed
Ignore Synthesis Constraint File   : NO

---- Target Parameters
Output File Name                   : "Shift_Register"
Output Format                      : NGC
Target Device                      : xc3s1500-4-fg676

---- Source Options
Top Module Name                    : Shift_Register
Automatic FSM Extraction           : YES
FSM Encoding Algorithm             : Auto
Safe Implementation                : No
FSM Style                          : LUT
RAM Extraction                     : Yes
RAM Style                          : Auto
ROM Extraction                     : Yes
Mux Style                          : Auto
Decoder Extraction                 : YES
Priority Encoder Extraction        : Yes
Shift Register Extraction          : YES
Logical Shifter Extraction         : YES
XOR Collapsing                     : YES
ROM Style                          : Auto
Mux Extraction                     : Yes
Resource Sharing                   : YES
Asynchronous To Synchronous        : NO
Multiplier Style                   : Auto
Automatic Register Balancing       : No

---- Target Options
Add IO Buffers                     : YES
Global Maximum Fanout              : 100000
Add Generic Clock Buffer(BUFG)     : 8
Register Duplication               : YES
Slice Packing                      : YES
Optimize Instantiated Primitives   : NO
Use Clock Enable                   : Yes
Use Synchronous Set                : Yes
Use Synchronous Reset              : Yes
Pack IO Registers into IOBs        : Auto
Equivalent register Removal        : YES

---- General Options
Optimization Goal                  : Speed
Optimization Effort                : 1
Keep Hierarchy                     : No
Netlist Hierarchy                  : As_Optimized
RTL Output                         : Yes
Global Optimization                : AllClockNets
Read Cores                         : YES
Write Timing Constraints           : NO
Cross Clock Analysis               : NO
Hierarchy Separator                : /
Bus Delimiter                      : <>
Case Specifier                     : Maintain
Slice Utilization Ratio            : 100
BRAM Utilization Ratio             : 100
Verilog 2001                       : YES
Auto BRAM Packing                  : NO
Slice Utilization Ratio Delta      : 5

=========================================================================


=========================================================================
*                          HDL Compilation                              *
=========================================================================
Compiling vhdl file "C:/Users/PC/Desktop/Predmeti/II godina/AR2/reg_shifter/clock_divider.vhd" in Library work.
Entity <Clock_Divider> compiled.
Entity <Clock_Divider> (Architecture <Behavioral>) compiled.
Compiling vhdl file "C:/Users/PC/Desktop/Predmeti/II godina/AR2/reg_shifter/Shift_Register.vhd" in Library work.
Architecture behavioral of Entity shift_register is up to date.

=========================================================================
*                     Design Hierarchy Analysis                         *
=========================================================================
Analyzing hierarchy for entity <Shift_Register> in library <work> (architecture <behavioral>).

Analyzing hierarchy for entity <Clock_Divider> in library <work> (architecture <Behavioral>).


=========================================================================
*                            HDL Analysis                               *
=========================================================================
Analyzing Entity <Shift_Register> in library <work> (Architecture <behavioral>).
Entity <Shift_Register> analyzed. Unit <Shift_Register> generated.

Analyzing Entity <Clock_Divider> in library <work> (Architecture <Behavioral>).
Entity <Clock_Divider> analyzed. Unit <Clock_Divider> generated.


=========================================================================
*                           HDL Synthesis                               *
=========================================================================

Performing bidirectional port resolution...

Synthesizing Unit <Clock_Divider>.
    Related source file is "C:/Users/PC/Desktop/Predmeti/II godina/AR2/reg_shifter/clock_divider.vhd".
    Found 32-bit up counter for signal <counter>.
    Found 1-bit register for signal <slow_clk>.
    Summary:
	inferred   1 Counter(s).
	inferred   1 D-type flip-flop(s).
Unit <Clock_Divider> synthesized.


Synthesizing Unit <Shift_Register>.
    Related source file is "C:/Users/PC/Desktop/Predmeti/II godina/AR2/reg_shifter/Shift_Register.vhd".
WARNING:Xst:647 - Input <iReset> is never used. This port will be preserved and left unconnected if it belongs to a top-level block or it belongs to a sub-block and the hierarchy of this sub-block is preserved.
    Found 8-bit register for signal <shift_reg>.
    Summary:
	inferred   8 D-type flip-flop(s).
Unit <Shift_Register> synthesized.


=========================================================================
HDL Synthesis Report

Macro Statistics
# Counters                                             : 1
 32-bit up counter                                     : 1
# Registers                                            : 2
 1-bit register                                        : 1
 8-bit register                                        : 1

=========================================================================

=========================================================================
*                       Advanced HDL Synthesis                          *
=========================================================================


=========================================================================
Advanced HDL Synthesis Report

Macro Statistics
# Counters                                             : 1
 32-bit up counter                                     : 1
# Registers                                            : 9
 Flip-Flops                                            : 9

=========================================================================

=========================================================================
*                         Low Level Synthesis                           *
=========================================================================

Optimizing unit <Shift_Register> ...

Mapping all equations...
Building and optimizing final netlist ...
Found area constraint ratio of 100 (+ 5) on block Shift_Register, actual ratio is 0.

Final Macro Processing ...

=========================================================================
Final Register Report

Macro Statistics
# Registers                                            : 41
 Flip-Flops                                            : 41

=========================================================================

=========================================================================
*                           Partition Report                            *
=========================================================================

Partition Implementation Status
-------------------------------

  No Partitions were found in this design.

-------------------------------

=========================================================================
*                            Final Report                               *
=========================================================================
Final Results
RTL Top Level Output File Name     : Shift_Register.ngr
Top Level Output File Name         : Shift_Register
Output Format                      : NGC
Optimization Goal                  : Speed
Keep Hierarchy                     : No

Design Statistics
# IOs                              : 22

Cell Usage :
# BELS                             : 134
#      GND                         : 1
#      INV                         : 2
#      LUT1                        : 31
#      LUT2                        : 2
#      LUT3                        : 2
#      LUT4                        : 16
#      MUXCY                       : 39
#      MUXF5                       : 8
#      VCC                         : 1
#      XORCY                       : 32
# FlipFlops/Latches                : 41
#      FDE                         : 9
#      FDR                         : 32
# Clock Buffers                    : 1
#      BUFGP                       : 1
# IO Buffers                       : 20
#      IBUF                        : 12
#      OBUF                        : 8
=========================================================================

Device utilization summary:
---------------------------

Selected Device : 3s1500fg676-4 

 Number of Slices:                       30  out of  13312     0%  
 Number of Slice Flip Flops:             41  out of  26624     0%  
 Number of 4 input LUTs:                 53  out of  26624     0%  
 Number of IOs:                          22
 Number of bonded IOBs:                  21  out of    487     4%  
 Number of GCLKs:                         1  out of      8    12%  

---------------------------
Partition Resource Summary:
---------------------------

  No Partitions were found in this design.

---------------------------


=========================================================================
TIMING REPORT

NOTE: THESE TIMING NUMBERS ARE ONLY A SYNTHESIS ESTIMATE.
      FOR ACCURATE TIMING INFORMATION PLEASE REFER TO THE TRACE REPORT
      GENERATED AFTER PLACE-and-ROUTE.

Clock Information:
------------------
-----------------------------------+------------------------+-------+
Clock Signal                       | Clock buffer(FF name)  | Load  |
-----------------------------------+------------------------+-------+
clock_divider_inst/slow_clk        | NONE(shift_reg_0)      | 8     |
iCLK                               | BUFGP                  | 33    |
-----------------------------------+------------------------+-------+
INFO:Xst:2169 - HDL ADVISOR - Some clock signals were not automatically buffered by XST with BUFG/BUFR resources. Please use the buffer_type constraint in order to insert these buffers to the clock signals to help prevent skew problems.

Asynchronous Control Signals Information:
----------------------------------------
No asynchronous control signals found in this design

Timing Summary:
---------------
Speed Grade: -4

   Minimum period: 6.537ns (Maximum Frequency: 152.979MHz)
   Minimum input arrival time before clock: 4.529ns
   Maximum output required time after clock: 7.271ns
   Maximum combinational path delay: No path found

Timing Detail:
--------------
All values displayed in nanoseconds (ns)

=========================================================================
Timing constraint: Default period analysis for Clock 'clock_divider_inst/slow_clk'
  Clock period: 4.314ns (frequency: 231.803MHz)
  Total number of paths / destination ports: 16 / 8
-------------------------------------------------------------------------
Delay:               4.314ns (Levels of Logic = 3)
  Source:            shift_reg_7 (FF)
  Destination:       shift_reg_0 (FF)
  Source Clock:      clock_divider_inst/slow_clk rising
  Destination Clock: clock_divider_inst/slow_clk rising

  Data Path: shift_reg_7 to shift_reg_0
                                Gate     Net
    Cell:in->out      fanout   Delay   Delay  Logical Name (Net Name)
    ----------------------------------------  ------------
     FDE:C->Q              3   0.720   1.102  shift_reg_7 (shift_reg_7)
     LUT2:I1->O            1   0.551   0.827  shift_reg_mux0002<0>19_SW0 (N5)
     LUT4:I3->O            1   0.551   0.000  shift_reg_mux0002<0>381 (shift_reg_mux0002<0>38)
     MUXF5:I0->O           1   0.360   0.000  shift_reg_mux0002<0>38_f5 (shift_reg_mux0002<0>)
     FDE:D                     0.203          shift_reg_0
    ----------------------------------------
    Total                      4.314ns (2.385ns logic, 1.929ns route)
                                       (55.3% logic, 44.7% route)

=========================================================================
Timing constraint: Default period analysis for Clock 'iCLK'
  Clock period: 6.537ns (frequency: 152.979MHz)
  Total number of paths / destination ports: 1585 / 66
-------------------------------------------------------------------------
Delay:               6.537ns (Levels of Logic = 9)
  Source:            clock_divider_inst/counter_8 (FF)
  Destination:       clock_divider_inst/counter_0 (FF)
  Source Clock:      iCLK rising
  Destination Clock: iCLK rising

  Data Path: clock_divider_inst/counter_8 to clock_divider_inst/counter_0
                                Gate     Net
    Cell:in->out      fanout   Delay   Delay  Logical Name (Net Name)
    ----------------------------------------  ------------
     FDR:C->Q              2   0.720   1.216  clock_divider_inst/counter_8 (clock_divider_inst/counter_8)
     LUT4:I0->O            1   0.551   0.000  clock_divider_inst/slow_clk_cmp_eq0000_wg_lut<0> (clock_divider_inst/slow_clk_cmp_eq0000_wg_lut<0>)
     MUXCY:S->O            1   0.500   0.000  clock_divider_inst/slow_clk_cmp_eq0000_wg_cy<0> (clock_divider_inst/slow_clk_cmp_eq0000_wg_cy<0>)
     MUXCY:CI->O           1   0.064   0.000  clock_divider_inst/slow_clk_cmp_eq0000_wg_cy<1> (clock_divider_inst/slow_clk_cmp_eq0000_wg_cy<1>)
     MUXCY:CI->O           1   0.064   0.000  clock_divider_inst/slow_clk_cmp_eq0000_wg_cy<2> (clock_divider_inst/slow_clk_cmp_eq0000_wg_cy<2>)
     MUXCY:CI->O           1   0.064   0.000  clock_divider_inst/slow_clk_cmp_eq0000_wg_cy<3> (clock_divider_inst/slow_clk_cmp_eq0000_wg_cy<3>)
     MUXCY:CI->O           1   0.064   0.000  clock_divider_inst/slow_clk_cmp_eq0000_wg_cy<4> (clock_divider_inst/slow_clk_cmp_eq0000_wg_cy<4>)
     MUXCY:CI->O           1   0.064   0.000  clock_divider_inst/slow_clk_cmp_eq0000_wg_cy<5> (clock_divider_inst/slow_clk_cmp_eq0000_wg_cy<5>)
     MUXCY:CI->O           1   0.064   0.000  clock_divider_inst/slow_clk_cmp_eq0000_wg_cy<6> (clock_divider_inst/slow_clk_cmp_eq0000_wg_cy<6>)
     MUXCY:CI->O          33   0.281   1.859  clock_divider_inst/slow_clk_cmp_eq0000_wg_cy<7> (clock_divider_inst/slow_clk_cmp_eq0000)
     FDR:R                     1.026          clock_divider_inst/counter_0
    ----------------------------------------
    Total                      6.537ns (3.462ns logic, 3.075ns route)
                                       (53.0% logic, 47.0% route)

=========================================================================
Timing constraint: Default OFFSET IN BEFORE for Clock 'clock_divider_inst/slow_clk'
  Total number of paths / destination ports: 60 / 16
-------------------------------------------------------------------------
Offset:              4.529ns (Levels of Logic = 4)
  Source:            iARITH (PAD)
  Destination:       shift_reg_0 (FF)
  Destination Clock: clock_divider_inst/slow_clk rising

  Data Path: iARITH to shift_reg_0
                                Gate     Net
    Cell:in->out      fanout   Delay   Delay  Logical Name (Net Name)
    ----------------------------------------  ------------
     IBUF:I->O             2   0.821   1.216  iARITH_IBUF (iARITH_IBUF)
     LUT2:I0->O            1   0.551   0.827  shift_reg_mux0002<0>19_SW0 (N5)
     LUT4:I3->O            1   0.551   0.000  shift_reg_mux0002<0>381 (shift_reg_mux0002<0>38)
     MUXF5:I0->O           1   0.360   0.000  shift_reg_mux0002<0>38_f5 (shift_reg_mux0002<0>)
     FDE:D                     0.203          shift_reg_0
    ----------------------------------------
    Total                      4.529ns (2.486ns logic, 2.043ns route)
                                       (54.9% logic, 45.1% route)

=========================================================================
Timing constraint: Default OFFSET OUT AFTER for Clock 'clock_divider_inst/slow_clk'
  Total number of paths / destination ports: 8 / 8
-------------------------------------------------------------------------
Offset:              7.271ns (Levels of Logic = 1)
  Source:            shift_reg_7 (FF)
  Destination:       oREG<7> (PAD)
  Source Clock:      clock_divider_inst/slow_clk rising

  Data Path: shift_reg_7 to oREG<7>
                                Gate     Net
    Cell:in->out      fanout   Delay   Delay  Logical Name (Net Name)
    ----------------------------------------  ------------
     FDE:C->Q              3   0.720   0.907  shift_reg_7 (shift_reg_7)
     OBUF:I->O                 5.644          oREG_7_OBUF (oREG<7>)
    ----------------------------------------
    Total                      7.271ns (6.364ns logic, 0.907ns route)
                                       (87.5% logic, 12.5% route)

=========================================================================


Total REAL time to Xst completion: 5.00 secs
Total CPU time to Xst completion: 5.25 secs
 
--> 

Total memory usage is 4514396 kilobytes

Number of errors   :    0 (   0 filtered)
Number of warnings :    1 (   0 filtered)
Number of infos    :    1 (   0 filtered)

