
****** PlanAhead v14.7 (64-bit)
  **** Build 321239 by xbuild on Fri Sep 27 19:29:51 MDT 2013
    ** Copyright 1986-1999, 2001-2013 Xilinx, Inc. All Rights Reserved.

INFO: [Common 17-78] Attempting to get a license: PlanAhead
INFO: [Common 17-290] Got license for PlanAhead
INFO: [Device 21-36] Loading parts and site information from C:/Xilinx/14.7/ISE_DS/PlanAhead/data/parts/arch.xml
Parsing RTL primitives file [C:/Xilinx/14.7/ISE_DS/PlanAhead/data/parts/xilinx/rtl/prims/rtl_prims.xml]
Finished parsing RTL primitives file [C:/Xilinx/14.7/ISE_DS/PlanAhead/data/parts/xilinx/rtl/prims/rtl_prims.xml]
start_gui
source {C:/Users/PC/Desktop/Predmeti/II godina/AR2/LedShow/pa.fromHdl.tcl}
# create_project -name LedShow -dir "C:/Users/PC/Desktop/Predmeti/II godina/AR2/LedShow/planAhead_run_1" -part xc3s1500fg676-4
# set_param project.pinAheadLayout yes
# set srcset [get_property srcset [current_run -impl]]
# set_property target_constrs_file "LED_Controller.ucf" [current_fileset -constrset]
Adding file 'C:/Users/PC/Desktop/Predmeti/II godina/AR2/LedShow/LED_Controller.ucf' to fileset 'constrs_1'
# set hdlfile [add_files [list {Clock_divider.vhd}]]
# set_property file_type VHDL $hdlfile
# set_property library work $hdlfile
# set hdlfile [add_files [list {Led_Show.vhd}]]
# set_property file_type VHDL $hdlfile
# set_property library work $hdlfile
# set_property top LED_Controller $srcset
# add_files [list {LED_Controller.ucf}] -fileset [get_property constrset [current_run]]
# open_rtl_design -part xc3s1500fg676-4
Using Verific elaboration
Parsing VHDL file "C:/Xilinx/14.7/ISE_DS/PlanAhead/data/parts/xilinx/rtl/lib/synplify/synattr.vhd" into library synplify
Parsing VHDL file "C:/Xilinx/14.7/ISE_DS/PlanAhead/data/parts/xilinx/rtl/lib/synplify/synattr.vhd" into library synplify
Parsing VHDL file "C:/Users/PC/Desktop/Predmeti/II godina/AR2/LedShow/Clock_divider.vhd" into library work
Parsing VHDL file "C:/Users/PC/Desktop/Predmeti/II godina/AR2/LedShow/Led_Show.vhd" into library work
INFO: [Designutils 20-910] Reading macro library C:/Xilinx/14.7/ISE_DS/PlanAhead/data\./parts/xilinx/spartan3/hd_int_macros.edn
Parsing EDIF File [C:/Xilinx/14.7/ISE_DS/PlanAhead/data\./parts/xilinx/spartan3/hd_int_macros.edn]
Finished Parsing EDIF File [C:/Xilinx/14.7/ISE_DS/PlanAhead/data\./parts/xilinx/spartan3/hd_int_macros.edn]
Loading clock regions from C:/Xilinx/14.7/ISE_DS/PlanAhead/data\parts/xilinx/spartan3/spartan3/xc3s1500/ClockRegion.xml
Loading clock buffers from C:/Xilinx/14.7/ISE_DS/PlanAhead/data\parts/xilinx/spartan3/spartan3/xc3s1500/ClockBuffers.xml
Loading package from C:/Xilinx/14.7/ISE_DS/PlanAhead/data\parts/xilinx/spartan3/spartan3/xc3s1500/fg676/Package.xml
Loading io standards from C:/Xilinx/14.7/ISE_DS/PlanAhead/data\./parts/xilinx/spartan3/IOStandards.xml
INFO: [Device 21-19] Loading pkg sso from C:/Xilinx/14.7/ISE_DS/PlanAhead/data\parts/xilinx/spartan3/spartan3/xc3s1500/fg676/SSORules.xml
Loading list of drcs for the architecture : C:/Xilinx/14.7/ISE_DS/PlanAhead/data\./parts/xilinx/spartan3/drc.xml
INFO: [Timing 38-77] Reading timing library C:/Xilinx/14.7/ISE_DS/PlanAhead/data\parts/xilinx/spartan3/spartan3/spartan3-4.lib.
INFO: [Timing 38-34] Done reading timing library C:/Xilinx/14.7/ISE_DS/PlanAhead/data\parts/xilinx/spartan3/spartan3/spartan3-4.lib.
Parsing UCF File [C:/Users/PC/Desktop/Predmeti/II godina/AR2/LedShow/LED_Controller.ucf]
Finished Parsing UCF File [C:/Users/PC/Desktop/Predmeti/II godina/AR2/LedShow/LED_Controller.ucf]
INFO: [Project 1-111] Unisim Transformation Summary:
No Unisim elements were transformed.

Phase 0 | Netlist Checksum: 5d57213d
open_rtl_design: Time (s): elapsed = 00:00:06 . Memory (MB): peak = 574.941 ; gain = 152.563
update_compile_order -fileset sim_1
startgroup
set_property package_pin AB7 [get_ports {oLED[0]}]
endgroup
startgroup
set_property package_pin Y13 [get_ports {oLED[7]}]
endgroup
startgroup
set_property package_pin AD12 [get_ports {oLED[6]}]
endgroup
startgroup
set_property package_pin AA11 [get_ports {oLED[5]}]
endgroup
startgroup
set_property package_pin AA10 [get_ports {oLED[4]}]
endgroup
startgroup
set_property package_pin AA9 [get_ports {oLED[3]}]
endgroup
startgroup
set_property package_pin AB9 [get_ports {oLED[2]}]
endgroup
startgroup
set_property package_pin AB8 [get_ports {oLED[1]}]
endgroup
startgroup
set_property package_pin AE14 [get_ports clk]
endgroup
set_property package_pin "" [get_ports [list  inBLINK]]
startgroup
set_property package_pin Y8 [get_ports rst]
endgroup
startgroup
set_property package_pin Y9 [get_ports inSTOP]
endgroup
startgroup
set_property package_pin W12 [get_ports inRR]
endgroup
set_property package_pin "" [get_ports [list  inRL]]
startgroup
set_property package_pin Y10 [get_ports inRR]
endgroup
startgroup
set_property package_pin Y11 [get_ports inRL]
endgroup
startgroup
set_property package_pin W11 [get_ports inBLINK]
endgroup
startgroup
set_property package_pin Y12 [get_ports inBLINK]
endgroup
startgroup
set_property package_pin W13 [get_ports inBLINK]
endgroup
save_constraints
save_constraints: Time (s): elapsed = 00:00:12 . Memory (MB): peak = 607.750 ; gain = 0.000
exit
ERROR: [Common 17-39] 'stop_gui' failed due to earlier errors.
INFO: [Common 17-206] Exiting PlanAhead at Thu May 30 10:40:20 2024...
INFO: [Common 17-83] Releasing license: PlanAhead
