Running: C:\Xilinx\14.7\ISE_DS\ISE\bin\nt64\unwrapped\fuse.exe -intstyle ise -incremental -o C:/Users/PC/Desktop/Predmeti/II godina/AR2/automatMurov/my_fsm4_tb_isim_beh.exe -prj C:/Users/PC/Desktop/Predmeti/II godina/AR2/automatMurov/my_fsm4_tb_beh.prj work.my_fsm4_tb 
ISim P.20131013 (signature 0x7708f090)
Number of CPUs detected in this system: 8
Turning on mult-threading, number of parallel sub-compilation jobs: 16 
Determining compilation order of HDL files
Parsing VHDL file "C:/Users/PC/Desktop/Predmeti/II godina/AR2/automatMurov/clock_divider.vhd" into library work
Parsing VHDL file "C:/Users/PC/Desktop/Predmeti/II godina/AR2/automatMurov/automat.vhd" into library work
Parsing VHDL file "C:/Users/PC/Desktop/Predmeti/II godina/AR2/automatMurov/automat_tb.vhd" into library work
Starting static elaboration
Completed static elaboration
Compiling package standard
Compiling package std_logic_1164
Compiling package numeric_std
Compiling architecture behavioral of entity Clock_Divider [clock_divider_default]
Compiling architecture fsm4 of entity my_fsm4 [my_fsm4_default]
Compiling architecture testbench of entity my_fsm4_tb
Time Resolution for simulation is 1ps.
Waiting for 1 sub-compilation(s) to finish...
Compiled 8 VHDL Units
Built simulation executable C:/Users/PC/Desktop/Predmeti/II godina/AR2/automatMurov/my_fsm4_tb_isim_beh.exe
Fuse Memory Usage: 36244 KB
Fuse CPU Usage: 484 ms
