Command line:
   tb_full_adder_isim_beh.exe
     -simmode  gui
     -simrunnum  0
     -socket  53230

Tue May 21 09:28:19 2024


 Elaboration Time: 0.046875 sec

 Current Memory Usage: 5150.71 Meg

 Total Signals          : 10
 Total Nets             : 6
 Total Signal Drivers   : 5
 Total Blocks           : 4
 Total Primitive Blocks : 3
 Total Processes        : 2
 Total Traceable Variables  : 13
 Total Scalar Nets and Variables : 489
Total Line Count : 14

 Total Simulation Time: 0.046875 sec

 Current Memory Usage: 4993.42 Meg

Tue May 21 09:29:38 2024

