Release 14.7 - xst P.20131013 (nt64)
Copyright (c) 1995-2013 Xilinx, Inc.  All rights reserved.
--> Parameter TMPDIR set to xst/projnav.tmp


Total REAL time to Xst completion: 0.00 secs
Total CPU time to Xst completion: 0.11 secs
 
--> Parameter xsthdpdir set to xst


Total REAL time to Xst completion: 0.00 secs
Total CPU time to Xst completion: 0.11 secs
 
--> Reading design: Stopwatch.prj

TABLE OF CONTENTS
  1) Synthesis Options Summary
  2) HDL Compilation
  3) Design Hierarchy Analysis
  4) HDL Analysis
  5) HDL Synthesis
     5.1) HDL Synthesis Report
  6) Advanced HDL Synthesis
     6.1) Advanced HDL Synthesis Report
  7) Low Level Synthesis
  8) Partition Report
  9) Final Report
	9.1) Device utilization summary
	9.2) Partition Resource Summary
	9.3) TIMING REPORT


=========================================================================
*                      Synthesis Options Summary                        *
=========================================================================
---- Source Parameters
Input File Name                    : "Stopwatch.prj"
Input Format                       : mixed
Ignore Synthesis Constraint File   : NO

---- Target Parameters
Output File Name                   : "Stopwatch"
Output Format                      : NGC
Target Device                      : xc3s1500-4-fg676

---- Source Options
Top Module Name                    : Stopwatch
Automatic FSM Extraction           : YES
FSM Encoding Algorithm             : Auto
Safe Implementation                : No
FSM Style                          : LUT
RAM Extraction                     : Yes
RAM Style                          : Auto
ROM Extraction                     : Yes
Mux Style                          : Auto
Decoder Extraction                 : YES
Priority Encoder Extraction        : Yes
Shift Register Extraction          : YES
Logical Shifter Extraction         : YES
XOR Collapsing                     : YES
ROM Style                          : Auto
Mux Extraction                     : Yes
Resource Sharing                   : YES
Asynchronous To Synchronous        : NO
Multiplier Style                   : Auto
Automatic Register Balancing       : No

---- Target Options
Add IO Buffers                     : YES
Global Maximum Fanout              : 100000
Add Generic Clock Buffer(BUFG)     : 8
Register Duplication               : YES
Slice Packing                      : YES
Optimize Instantiated Primitives   : NO
Use Clock Enable                   : Yes
Use Synchronous Set                : Yes
Use Synchronous Reset              : Yes
Pack IO Registers into IOBs        : Auto
Equivalent register Removal        : YES

---- General Options
Optimization Goal                  : Speed
Optimization Effort                : 1
Keep Hierarchy                     : No
Netlist Hierarchy                  : As_Optimized
RTL Output                         : Yes
Global Optimization                : AllClockNets
Read Cores                         : YES
Write Timing Constraints           : NO
Cross Clock Analysis               : NO
Hierarchy Separator                : /
Bus Delimiter                      : <>
Case Specifier                     : Maintain
Slice Utilization Ratio            : 100
BRAM Utilization Ratio             : 100
Verilog 2001                       : YES
Auto BRAM Packing                  : NO
Slice Utilization Ratio Delta      : 5

=========================================================================


=========================================================================
*                          HDL Compilation                              *
=========================================================================
Compiling vhdl file "C:/Users/PC/Desktop/Predmeti/II godina/AR2/ranije/stoperica/clock_divider.vhd" in Library work.
Architecture behavioral of Entity clock_divider is up to date.
Compiling vhdl file "C:/Users/PC/Desktop/Predmeti/II godina/AR2/ranije/stoperica/stoperica.vhd" in Library work.
Architecture behavioral of Entity stopwatch is up to date.

=========================================================================
*                     Design Hierarchy Analysis                         *
=========================================================================
Analyzing hierarchy for entity <Stopwatch> in library <work> (architecture <behavioral>).

Analyzing hierarchy for entity <Clock_Divider> in library <work> (architecture <behavioral>).


=========================================================================
*                            HDL Analysis                               *
=========================================================================
Analyzing Entity <Stopwatch> in library <work> (Architecture <behavioral>).
Entity <Stopwatch> analyzed. Unit <Stopwatch> generated.

Analyzing Entity <Clock_Divider> in library <work> (Architecture <behavioral>).
Entity <Clock_Divider> analyzed. Unit <Clock_Divider> generated.


=========================================================================
*                           HDL Synthesis                               *
=========================================================================

Performing bidirectional port resolution...

Synthesizing Unit <Clock_Divider>.
    Related source file is "C:/Users/PC/Desktop/Predmeti/II godina/AR2/ranije/stoperica/clock_divider.vhd".
    Found 32-bit up counter for signal <counter>.
    Found 1-bit register for signal <slow_clk>.
    Summary:
	inferred   1 Counter(s).
	inferred   1 D-type flip-flop(s).
Unit <Clock_Divider> synthesized.


Synthesizing Unit <Stopwatch>.
    Related source file is "C:/Users/PC/Desktop/Predmeti/II godina/AR2/ranije/stoperica/stoperica.vhd".
    Found 32-bit register for signal <SECONDS>.
    Found 32-bit register for signal <counter>.
    Found 32-bit addsub for signal <counter$addsub0000>.
    Found 1-bit register for signal <counting>.
    Summary:
	inferred  65 D-type flip-flop(s).
	inferred   1 Adder/Subtractor(s).
Unit <Stopwatch> synthesized.

INFO:Xst:1767 - HDL ADVISOR - Resource sharing has identified that some arithmetic operations in this design can share the same physical resources for reduced device utilization. For improved clock frequency you may try to disable resource sharing.

=========================================================================
HDL Synthesis Report

Macro Statistics
# Adders/Subtractors                                   : 1
 32-bit addsub                                         : 1
# Counters                                             : 1
 32-bit up counter                                     : 1
# Registers                                            : 4
 1-bit register                                        : 2
 32-bit register                                       : 2

=========================================================================

=========================================================================
*                       Advanced HDL Synthesis                          *
=========================================================================


=========================================================================
Advanced HDL Synthesis Report

Macro Statistics
# Adders/Subtractors                                   : 1
 32-bit addsub                                         : 1
# Counters                                             : 1
 32-bit up counter                                     : 1
# Registers                                            : 66
 Flip-Flops                                            : 66

=========================================================================

=========================================================================
*                         Low Level Synthesis                           *
=========================================================================

Optimizing unit <Stopwatch> ...

Mapping all equations...
Building and optimizing final netlist ...
Found area constraint ratio of 100 (+ 5) on block Stopwatch, actual ratio is 0.

Final Macro Processing ...

=========================================================================
Final Register Report

Macro Statistics
# Registers                                            : 98
 Flip-Flops                                            : 98

=========================================================================

=========================================================================
*                           Partition Report                            *
=========================================================================

Partition Implementation Status
-------------------------------

  No Partitions were found in this design.

-------------------------------

=========================================================================
*                            Final Report                               *
=========================================================================
Final Results
RTL Top Level Output File Name     : Stopwatch.ngr
Top Level Output File Name         : Stopwatch
Output Format                      : NGC
Optimization Goal                  : Speed
Keep Hierarchy                     : No

Design Statistics
# IOs                              : 37

Cell Usage :
# BELS                             : 276
#      GND                         : 1
#      INV                         : 3
#      LUT1                        : 31
#      LUT2                        : 98
#      LUT4                        : 8
#      MUXCY                       : 70
#      VCC                         : 1
#      XORCY                       : 64
# FlipFlops/Latches                : 98
#      FDC                         : 1
#      FDCE                        : 64
#      FDE                         : 1
#      FDR                         : 32
# Clock Buffers                    : 2
#      BUFG                        : 1
#      BUFGP                       : 1
# IO Buffers                       : 36
#      IBUF                        : 4
#      OBUF                        : 32
=========================================================================

Device utilization summary:
---------------------------

Selected Device : 3s1500fg676-4 

 Number of Slices:                       75  out of  13312     0%  
 Number of Slice Flip Flops:             98  out of  26624     0%  
 Number of 4 input LUTs:                140  out of  26624     0%  
 Number of IOs:                          37
 Number of bonded IOBs:                  37  out of    487     7%  
 Number of GCLKs:                         2  out of      8    25%  

---------------------------
Partition Resource Summary:
---------------------------

  No Partitions were found in this design.

---------------------------


=========================================================================
TIMING REPORT

NOTE: THESE TIMING NUMBERS ARE ONLY A SYNTHESIS ESTIMATE.
      FOR ACCURATE TIMING INFORMATION PLEASE REFER TO THE TRACE REPORT
      GENERATED AFTER PLACE-and-ROUTE.

Clock Information:
------------------
-----------------------------------+------------------------+-------+
Clock Signal                       | Clock buffer(FF name)  | Load  |
-----------------------------------+------------------------+-------+
clock_divider_inst/slow_clk1       | BUFG                   | 65    |
CLOCK                              | BUFGP                  | 33    |
-----------------------------------+------------------------+-------+

Asynchronous Control Signals Information:
----------------------------------------
-----------------------------------+------------------------+-------+
Control Signal                     | Buffer(FF name)        | Load  |
-----------------------------------+------------------------+-------+
RESET                              | IBUF                   | 65    |
-----------------------------------+------------------------+-------+

Timing Summary:
---------------
Speed Grade: -4

   Minimum period: 7.417ns (Maximum Frequency: 134.825MHz)
   Minimum input arrival time before clock: 10.068ns
   Maximum output required time after clock: 7.165ns
   Maximum combinational path delay: No path found

Timing Detail:
--------------
All values displayed in nanoseconds (ns)

=========================================================================
Timing constraint: Default period analysis for Clock 'clock_divider_inst/slow_clk1'
  Clock period: 7.417ns (frequency: 134.825MHz)
  Total number of paths / destination ports: 1184 / 128
-------------------------------------------------------------------------
Delay:               7.417ns (Levels of Logic = 34)
  Source:            counter_0 (FF)
  Destination:       counter_31 (FF)
  Source Clock:      clock_divider_inst/slow_clk1 rising
  Destination Clock: clock_divider_inst/slow_clk1 rising

  Data Path: counter_0 to counter_31
                                Gate     Net
    Cell:in->out      fanout   Delay   Delay  Logical Name (Net Name)
    ----------------------------------------  ------------
     FDCE:C->Q             2   0.720   1.072  counter_0 (counter_0)
     LUT2:I1->O            1   0.551   0.000  Maddsub_counter_addsub0000_lut<0> (Maddsub_counter_addsub0000_lut<0>)
     MUXCY:S->O            1   0.500   0.000  Maddsub_counter_addsub0000_cy<0> (Maddsub_counter_addsub0000_cy<0>)
     MUXCY:CI->O           1   0.064   0.000  Maddsub_counter_addsub0000_cy<1> (Maddsub_counter_addsub0000_cy<1>)
     MUXCY:CI->O           1   0.064   0.000  Maddsub_counter_addsub0000_cy<2> (Maddsub_counter_addsub0000_cy<2>)
     MUXCY:CI->O           1   0.064   0.000  Maddsub_counter_addsub0000_cy<3> (Maddsub_counter_addsub0000_cy<3>)
     MUXCY:CI->O           1   0.064   0.000  Maddsub_counter_addsub0000_cy<4> (Maddsub_counter_addsub0000_cy<4>)
     MUXCY:CI->O           1   0.064   0.000  Maddsub_counter_addsub0000_cy<5> (Maddsub_counter_addsub0000_cy<5>)
     MUXCY:CI->O           1   0.064   0.000  Maddsub_counter_addsub0000_cy<6> (Maddsub_counter_addsub0000_cy<6>)
     MUXCY:CI->O           1   0.064   0.000  Maddsub_counter_addsub0000_cy<7> (Maddsub_counter_addsub0000_cy<7>)
     MUXCY:CI->O           1   0.064   0.000  Maddsub_counter_addsub0000_cy<8> (Maddsub_counter_addsub0000_cy<8>)
     MUXCY:CI->O           1   0.064   0.000  Maddsub_counter_addsub0000_cy<9> (Maddsub_counter_addsub0000_cy<9>)
     MUXCY:CI->O           1   0.064   0.000  Maddsub_counter_addsub0000_cy<10> (Maddsub_counter_addsub0000_cy<10>)
     MUXCY:CI->O           1   0.064   0.000  Maddsub_counter_addsub0000_cy<11> (Maddsub_counter_addsub0000_cy<11>)
     MUXCY:CI->O           1   0.064   0.000  Maddsub_counter_addsub0000_cy<12> (Maddsub_counter_addsub0000_cy<12>)
     MUXCY:CI->O           1   0.064   0.000  Maddsub_counter_addsub0000_cy<13> (Maddsub_counter_addsub0000_cy<13>)
     MUXCY:CI->O           1   0.064   0.000  Maddsub_counter_addsub0000_cy<14> (Maddsub_counter_addsub0000_cy<14>)
     MUXCY:CI->O           1   0.064   0.000  Maddsub_counter_addsub0000_cy<15> (Maddsub_counter_addsub0000_cy<15>)
     MUXCY:CI->O           1   0.064   0.000  Maddsub_counter_addsub0000_cy<16> (Maddsub_counter_addsub0000_cy<16>)
     MUXCY:CI->O           1   0.064   0.000  Maddsub_counter_addsub0000_cy<17> (Maddsub_counter_addsub0000_cy<17>)
     MUXCY:CI->O           1   0.064   0.000  Maddsub_counter_addsub0000_cy<18> (Maddsub_counter_addsub0000_cy<18>)
     MUXCY:CI->O           1   0.064   0.000  Maddsub_counter_addsub0000_cy<19> (Maddsub_counter_addsub0000_cy<19>)
     MUXCY:CI->O           1   0.064   0.000  Maddsub_counter_addsub0000_cy<20> (Maddsub_counter_addsub0000_cy<20>)
     MUXCY:CI->O           1   0.064   0.000  Maddsub_counter_addsub0000_cy<21> (Maddsub_counter_addsub0000_cy<21>)
     MUXCY:CI->O           1   0.064   0.000  Maddsub_counter_addsub0000_cy<22> (Maddsub_counter_addsub0000_cy<22>)
     MUXCY:CI->O           1   0.064   0.000  Maddsub_counter_addsub0000_cy<23> (Maddsub_counter_addsub0000_cy<23>)
     MUXCY:CI->O           1   0.064   0.000  Maddsub_counter_addsub0000_cy<24> (Maddsub_counter_addsub0000_cy<24>)
     MUXCY:CI->O           1   0.064   0.000  Maddsub_counter_addsub0000_cy<25> (Maddsub_counter_addsub0000_cy<25>)
     MUXCY:CI->O           1   0.064   0.000  Maddsub_counter_addsub0000_cy<26> (Maddsub_counter_addsub0000_cy<26>)
     MUXCY:CI->O           1   0.064   0.000  Maddsub_counter_addsub0000_cy<27> (Maddsub_counter_addsub0000_cy<27>)
     MUXCY:CI->O           1   0.064   0.000  Maddsub_counter_addsub0000_cy<28> (Maddsub_counter_addsub0000_cy<28>)
     MUXCY:CI->O           1   0.064   0.000  Maddsub_counter_addsub0000_cy<29> (Maddsub_counter_addsub0000_cy<29>)
     MUXCY:CI->O           0   0.064   0.000  Maddsub_counter_addsub0000_cy<30> (Maddsub_counter_addsub0000_cy<30>)
     XORCY:CI->O           1   0.904   0.996  Maddsub_counter_addsub0000_xor<31> (counter_addsub0000<31>)
     LUT2:I1->O            1   0.551   0.000  counter_mux0001<31>1 (counter_mux0001<31>)
     FDCE:D                    0.203          counter_31
    ----------------------------------------
    Total                      7.417ns (5.349ns logic, 2.068ns route)
                                       (72.1% logic, 27.9% route)

=========================================================================
Timing constraint: Default period analysis for Clock 'CLOCK'
  Clock period: 6.537ns (frequency: 152.979MHz)
  Total number of paths / destination ports: 1585 / 66
-------------------------------------------------------------------------
Delay:               6.537ns (Levels of Logic = 9)
  Source:            clock_divider_inst/counter_8 (FF)
  Destination:       clock_divider_inst/counter_0 (FF)
  Source Clock:      CLOCK rising
  Destination Clock: CLOCK rising

  Data Path: clock_divider_inst/counter_8 to clock_divider_inst/counter_0
                                Gate     Net
    Cell:in->out      fanout   Delay   Delay  Logical Name (Net Name)
    ----------------------------------------  ------------
     FDR:C->Q              2   0.720   1.216  clock_divider_inst/counter_8 (clock_divider_inst/counter_8)
     LUT4:I0->O            1   0.551   0.000  clock_divider_inst/slow_clk_cmp_eq0000_wg_lut<0> (clock_divider_inst/slow_clk_cmp_eq0000_wg_lut<0>)
     MUXCY:S->O            1   0.500   0.000  clock_divider_inst/slow_clk_cmp_eq0000_wg_cy<0> (clock_divider_inst/slow_clk_cmp_eq0000_wg_cy<0>)
     MUXCY:CI->O           1   0.064   0.000  clock_divider_inst/slow_clk_cmp_eq0000_wg_cy<1> (clock_divider_inst/slow_clk_cmp_eq0000_wg_cy<1>)
     MUXCY:CI->O           1   0.064   0.000  clock_divider_inst/slow_clk_cmp_eq0000_wg_cy<2> (clock_divider_inst/slow_clk_cmp_eq0000_wg_cy<2>)
     MUXCY:CI->O           1   0.064   0.000  clock_divider_inst/slow_clk_cmp_eq0000_wg_cy<3> (clock_divider_inst/slow_clk_cmp_eq0000_wg_cy<3>)
     MUXCY:CI->O           1   0.064   0.000  clock_divider_inst/slow_clk_cmp_eq0000_wg_cy<4> (clock_divider_inst/slow_clk_cmp_eq0000_wg_cy<4>)
     MUXCY:CI->O           1   0.064   0.000  clock_divider_inst/slow_clk_cmp_eq0000_wg_cy<5> (clock_divider_inst/slow_clk_cmp_eq0000_wg_cy<5>)
     MUXCY:CI->O           1   0.064   0.000  clock_divider_inst/slow_clk_cmp_eq0000_wg_cy<6> (clock_divider_inst/slow_clk_cmp_eq0000_wg_cy<6>)
     MUXCY:CI->O          33   0.281   1.859  clock_divider_inst/slow_clk_cmp_eq0000_wg_cy<7> (clock_divider_inst/slow_clk_cmp_eq0000)
     FDR:R                     1.026          clock_divider_inst/counter_0
    ----------------------------------------
    Total                      6.537ns (3.462ns logic, 3.075ns route)
                                       (53.0% logic, 47.0% route)

=========================================================================
Timing constraint: Default OFFSET IN BEFORE for Clock 'clock_divider_inst/slow_clk1'
  Total number of paths / destination ports: 626 / 97
-------------------------------------------------------------------------
Offset:              10.068ns (Levels of Logic = 36)
  Source:            SMER (PAD)
  Destination:       counter_31 (FF)
  Destination Clock: clock_divider_inst/slow_clk1 rising

  Data Path: SMER to counter_31
                                Gate     Net
    Cell:in->out      fanout   Delay   Delay  Logical Name (Net Name)
    ----------------------------------------  ------------
     IBUF:I->O            14   0.821   1.187  SMER_IBUF (SMER_IBUF)
     INV:I->O             20   0.551   1.884  counter_mux00022_INV_0 (counter_mux0002)
     LUT2:I0->O            1   0.551   0.000  Maddsub_counter_addsub0000_lut<0> (Maddsub_counter_addsub0000_lut<0>)
     MUXCY:S->O            1   0.500   0.000  Maddsub_counter_addsub0000_cy<0> (Maddsub_counter_addsub0000_cy<0>)
     MUXCY:CI->O           1   0.064   0.000  Maddsub_counter_addsub0000_cy<1> (Maddsub_counter_addsub0000_cy<1>)
     MUXCY:CI->O           1   0.064   0.000  Maddsub_counter_addsub0000_cy<2> (Maddsub_counter_addsub0000_cy<2>)
     MUXCY:CI->O           1   0.064   0.000  Maddsub_counter_addsub0000_cy<3> (Maddsub_counter_addsub0000_cy<3>)
     MUXCY:CI->O           1   0.064   0.000  Maddsub_counter_addsub0000_cy<4> (Maddsub_counter_addsub0000_cy<4>)
     MUXCY:CI->O           1   0.064   0.000  Maddsub_counter_addsub0000_cy<5> (Maddsub_counter_addsub0000_cy<5>)
     MUXCY:CI->O           1   0.064   0.000  Maddsub_counter_addsub0000_cy<6> (Maddsub_counter_addsub0000_cy<6>)
     MUXCY:CI->O           1   0.064   0.000  Maddsub_counter_addsub0000_cy<7> (Maddsub_counter_addsub0000_cy<7>)
     MUXCY:CI->O           1   0.064   0.000  Maddsub_counter_addsub0000_cy<8> (Maddsub_counter_addsub0000_cy<8>)
     MUXCY:CI->O           1   0.064   0.000  Maddsub_counter_addsub0000_cy<9> (Maddsub_counter_addsub0000_cy<9>)
     MUXCY:CI->O           1   0.064   0.000  Maddsub_counter_addsub0000_cy<10> (Maddsub_counter_addsub0000_cy<10>)
     MUXCY:CI->O           1   0.064   0.000  Maddsub_counter_addsub0000_cy<11> (Maddsub_counter_addsub0000_cy<11>)
     MUXCY:CI->O           1   0.064   0.000  Maddsub_counter_addsub0000_cy<12> (Maddsub_counter_addsub0000_cy<12>)
     MUXCY:CI->O           1   0.064   0.000  Maddsub_counter_addsub0000_cy<13> (Maddsub_counter_addsub0000_cy<13>)
     MUXCY:CI->O           1   0.064   0.000  Maddsub_counter_addsub0000_cy<14> (Maddsub_counter_addsub0000_cy<14>)
     MUXCY:CI->O           1   0.064   0.000  Maddsub_counter_addsub0000_cy<15> (Maddsub_counter_addsub0000_cy<15>)
     MUXCY:CI->O           1   0.064   0.000  Maddsub_counter_addsub0000_cy<16> (Maddsub_counter_addsub0000_cy<16>)
     MUXCY:CI->O           1   0.064   0.000  Maddsub_counter_addsub0000_cy<17> (Maddsub_counter_addsub0000_cy<17>)
     MUXCY:CI->O           1   0.064   0.000  Maddsub_counter_addsub0000_cy<18> (Maddsub_counter_addsub0000_cy<18>)
     MUXCY:CI->O           1   0.064   0.000  Maddsub_counter_addsub0000_cy<19> (Maddsub_counter_addsub0000_cy<19>)
     MUXCY:CI->O           1   0.064   0.000  Maddsub_counter_addsub0000_cy<20> (Maddsub_counter_addsub0000_cy<20>)
     MUXCY:CI->O           1   0.064   0.000  Maddsub_counter_addsub0000_cy<21> (Maddsub_counter_addsub0000_cy<21>)
     MUXCY:CI->O           1   0.064   0.000  Maddsub_counter_addsub0000_cy<22> (Maddsub_counter_addsub0000_cy<22>)
     MUXCY:CI->O           1   0.064   0.000  Maddsub_counter_addsub0000_cy<23> (Maddsub_counter_addsub0000_cy<23>)
     MUXCY:CI->O           1   0.064   0.000  Maddsub_counter_addsub0000_cy<24> (Maddsub_counter_addsub0000_cy<24>)
     MUXCY:CI->O           1   0.064   0.000  Maddsub_counter_addsub0000_cy<25> (Maddsub_counter_addsub0000_cy<25>)
     MUXCY:CI->O           1   0.064   0.000  Maddsub_counter_addsub0000_cy<26> (Maddsub_counter_addsub0000_cy<26>)
     MUXCY:CI->O           1   0.064   0.000  Maddsub_counter_addsub0000_cy<27> (Maddsub_counter_addsub0000_cy<27>)
     MUXCY:CI->O           1   0.064   0.000  Maddsub_counter_addsub0000_cy<28> (Maddsub_counter_addsub0000_cy<28>)
     MUXCY:CI->O           1   0.064   0.000  Maddsub_counter_addsub0000_cy<29> (Maddsub_counter_addsub0000_cy<29>)
     MUXCY:CI->O           0   0.064   0.000  Maddsub_counter_addsub0000_cy<30> (Maddsub_counter_addsub0000_cy<30>)
     XORCY:CI->O           1   0.904   0.996  Maddsub_counter_addsub0000_xor<31> (counter_addsub0000<31>)
     LUT2:I1->O            1   0.551   0.000  counter_mux0001<31>1 (counter_mux0001<31>)
     FDCE:D                    0.203          counter_31
    ----------------------------------------
    Total                     10.068ns (6.001ns logic, 4.067ns route)
                                       (59.6% logic, 40.4% route)

=========================================================================
Timing constraint: Default OFFSET OUT AFTER for Clock 'clock_divider_inst/slow_clk1'
  Total number of paths / destination ports: 32 / 32
-------------------------------------------------------------------------
Offset:              7.165ns (Levels of Logic = 1)
  Source:            SECONDS_31 (FF)
  Destination:       SECONDS<31> (PAD)
  Source Clock:      clock_divider_inst/slow_clk1 rising

  Data Path: SECONDS_31 to SECONDS<31>
                                Gate     Net
    Cell:in->out      fanout   Delay   Delay  Logical Name (Net Name)
    ----------------------------------------  ------------
     FDCE:C->Q             1   0.720   0.801  SECONDS_31 (SECONDS_31)
     OBUF:I->O                 5.644          SECONDS_31_OBUF (SECONDS<31>)
    ----------------------------------------
    Total                      7.165ns (6.364ns logic, 0.801ns route)
                                       (88.8% logic, 11.2% route)

=========================================================================


Total REAL time to Xst completion: 3.00 secs
Total CPU time to Xst completion: 2.99 secs
 
--> 

Total memory usage is 4514400 kilobytes

Number of errors   :    0 (   0 filtered)
Number of warnings :    0 (   0 filtered)
Number of infos    :    1 (   0 filtered)

